<?xml version="1.0" encoding="UTF-8"?>
<testng-results ignored="0" total="1" passed="1" failed="0" skipped="0">
  <reporter-output>
  </reporter-output>
  <suite started-at="2025-03-04T11:56:01 IST" name="Suite" finished-at="2025-03-04T11:56:03 IST" duration-ms="2546">
    <groups>
    </groups>
    <test started-at="2025-03-04T11:56:01 IST" name="Test" finished-at="2025-03-04T11:56:03 IST" duration-ms="2546">
      <class name="TestCases.TC1_Login">
        <test-method is-config="true" signature="openurl()[pri:0, instance:TestCases.TC1_Login@619713e5]" started-at="2025-03-04T11:55:52 IST" name="openurl" finished-at="2025-03-04T11:56:01 IST" duration-ms="8813" status="PASS">
          <reporter-output>
          </reporter-output>
        </test-method> <!-- openurl -->
        <test-method signature="login_tc()[pri:0, instance:TestCases.TC1_Login@619713e5]" started-at="2025-03-04T11:56:01 IST" name="login_tc" finished-at="2025-03-04T11:56:03 IST" duration-ms="1968" status="PASS">
          <reporter-output>
          </reporter-output>
        </test-method> <!-- login_tc -->
        <test-method is-config="true" signature="closeurl()[pri:0, instance:TestCases.TC1_Login@619713e5]" started-at="2025-03-04T11:56:04 IST" name="closeurl" finished-at="2025-03-04T11:56:05 IST" duration-ms="843" status="PASS">
          <reporter-output>
          </reporter-output>
        </test-method> <!-- closeurl -->
      </class> <!-- TestCases.TC1_Login -->
    </test> <!-- Test -->
  </suite> <!-- Suite -->
</testng-results>
