<?xml version="1.0" encoding="UTF-8"?>
<testng-results ignored="0" total="1" passed="1" failed="0" skipped="0">
  <reporter-output>
  </reporter-output>
  <suite started-at="2025-03-05T22:03:54 IST" name="Suite" finished-at="2025-03-05T22:03:57 IST" duration-ms="2454">
    <groups>
    </groups>
    <test started-at="2025-03-05T22:03:54 IST" name="Test" finished-at="2025-03-05T22:03:57 IST" duration-ms="2454">
      <class name="TestCases.TC1_Login">
        <test-method is-config="true" signature="openurl()[pri:0, instance:TestCases.TC1_Login@34a3d150]" started-at="2025-03-05T22:03:42 IST" name="openurl" finished-at="2025-03-05T22:03:54 IST" duration-ms="12514" status="PASS">
          <reporter-output>
          </reporter-output>
        </test-method> <!-- openurl -->
        <test-method signature="login_tc()[pri:0, instance:TestCases.TC1_Login@34a3d150]" started-at="2025-03-05T22:03:55 IST" name="login_tc" finished-at="2025-03-05T22:03:57 IST" duration-ms="1928" status="PASS">
          <reporter-output>
          </reporter-output>
        </test-method> <!-- login_tc -->
        <test-method is-config="true" signature="closeurl()[pri:0, instance:TestCases.TC1_Login@34a3d150]" started-at="2025-03-05T22:03:58 IST" name="closeurl" finished-at="2025-03-05T22:03:58 IST" duration-ms="582" status="PASS">
          <reporter-output>
          </reporter-output>
        </test-method> <!-- closeurl -->
      </class> <!-- TestCases.TC1_Login -->
    </test> <!-- Test -->
  </suite> <!-- Suite -->
</testng-results>
